<?xml version="1.0" encoding="UTF-8"?>
<!-- Generated by org.testng.reporters.JUnitXMLReporter -->
<testsuite ignored="1" hostname="AWT_Tester" failures="1" tests="1" name="Test" time="37.259" errors="0" timestamp="2024-02-03T11:58:53 IST">
  <testcase classname="com.awt.test.Login.VerifyLogInFunctionalityTest" name="verifyLogInFunctionalityTest" time="17.884">
    <failure type="java.lang.AssertionError" message="The following asserts failed:
	expected [false] but found [Email/Username or Password is not Valid]">
      <![CDATA[java.lang.AssertionError: The following asserts failed:
expected [false] but found [Email/Username or Password is not Valid]
at com.awt.utills.reusablecomponents.SoftAssertTest.assertAll(SoftAssertTest.java:154)
at com.awt.test.Login.VerifyLogInFunctionalityTest.verifyLogInFunctionalityTest(VerifyLogInFunctionalityTest.java:44)
at java.base/java.util.concurrent.ThreadPoolExecutor.runWorker(ThreadPoolExecutor.java:1136)
at java.base/java.util.concurrent.ThreadPoolExecutor$Worker.run(ThreadPoolExecutor.java:635)
at java.base/java.lang.Thread.run(Thread.java:842)
... Removed 14 stack frames]]>
    </failure>
  </testcase> <!-- verifyLogInFunctionalityTest -->
  <testcase classname="com.awt.test.Login.VerifyLogInFunctionalityTest" name="verifyLogInCredentialsTest" time="0.0">
    <ignored/>
  </testcase> <!-- verifyLogInCredentialsTest -->
</testsuite> <!-- Test -->
