<?xml version="1.0" encoding="UTF-8"?>
<testng-results ignored="0" total="6" passed="6" failed="0" skipped="0">
  <reporter-output>
  </reporter-output>
  <suite started-at="2024-02-05T12:37:50 IST" name="Demo" finished-at="2024-02-05T12:39:59 IST" duration-ms="129684">
    <groups>
    </groups>
    <test started-at="2024-02-05T12:37:50 IST" name="Test" finished-at="2024-02-05T12:39:59 IST" duration-ms="129684">
      <class name="com.awt.test.Oms_Add.VerifyOmsAddingFunctionalityTest">
        <test-method is-config="true" signature="launchBrowser(java.lang.String)[pri:0, instance:com.awt.test.Oms_Add.VerifyOmsAddingFunctionalityTest@7d8995e]" started-at="2024-02-05T12:37:50 IST" name="launchBrowser" finished-at="2024-02-05T12:38:01 IST" duration-ms="11277" status="PASS">
          <params>
            <param index="0">
              <value>
                <![CDATA[2]]>
              </value>
            </param>
          </params>
          <reporter-output>
          </reporter-output>
        </test-method> <!-- launchBrowser -->
        <test-method signature="verfiyOmsAddingFunctionalityTest()[pri:0, instance:com.awt.test.Oms_Add.VerifyOmsAddingFunctionalityTest@7d8995e]" started-at="2024-02-05T12:38:01 IST" name="verfiyOmsAddingFunctionalityTest" finished-at="2024-02-05T12:39:58 IST" duration-ms="117177" status="PASS">
          <reporter-output>
          </reporter-output>
        </test-method> <!-- verfiyOmsAddingFunctionalityTest -->
        <test-method is-config="true" signature="tearUp()[pri:0, instance:com.awt.test.Oms_Add.VerifyOmsAddingFunctionalityTest@7d8995e]" started-at="2024-02-05T12:39:58 IST" name="tearUp" finished-at="2024-02-05T12:39:59 IST" duration-ms="853" status="PASS">
          <reporter-output>
          </reporter-output>
        </test-method> <!-- tearUp -->
      </class> <!-- com.awt.test.Oms_Add.VerifyOmsAddingFunctionalityTest -->
      <class name="com.awt.test.Login.VerifyLogInFunctionalityTest">
        <test-method is-config="true" signature="launchBrowser(java.lang.String)[pri:0, instance:com.awt.test.Login.VerifyLogInFunctionalityTest@130d63be]" started-at="2024-02-05T12:37:50 IST" name="launchBrowser" finished-at="2024-02-05T12:38:01 IST" duration-ms="11406" status="PASS">
          <params>
            <param index="0">
              <value>
                <![CDATA[2]]>
              </value>
            </param>
          </params>
          <reporter-output>
          </reporter-output>
        </test-method> <!-- launchBrowser -->
        <test-method signature="verifyLogInFunctionalityTest()[pri:0, instance:com.awt.test.Login.VerifyLogInFunctionalityTest@130d63be]" started-at="2024-02-05T12:38:01 IST" name="verifyLogInFunctionalityTest" finished-at="2024-02-05T12:38:37 IST" duration-ms="35896" status="PASS">
          <reporter-output>
          </reporter-output>
        </test-method> <!-- verifyLogInFunctionalityTest -->
        <test-method is-config="true" signature="launchBrowser(java.lang.String)[pri:0, instance:com.awt.test.Login.VerifyLogInFunctionalityTest@130d63be]" started-at="2024-02-05T12:38:34 IST" name="launchBrowser" finished-at="2024-02-05T12:38:41 IST" duration-ms="7227" status="PASS">
          <params>
            <param index="0">
              <value>
                <![CDATA[2]]>
              </value>
            </param>
          </params>
          <reporter-output>
          </reporter-output>
        </test-method> <!-- launchBrowser -->
        <test-method is-config="true" signature="tearUp()[pri:0, instance:com.awt.test.Login.VerifyLogInFunctionalityTest@130d63be]" started-at="2024-02-05T12:38:37 IST" name="tearUp" finished-at="2024-02-05T12:38:42 IST" duration-ms="4739" status="PASS">
          <reporter-output>
          </reporter-output>
        </test-method> <!-- tearUp -->
        <test-method signature="verifyLogInCredentialsTest(java.lang.String,java.lang.String,java.lang.String)[pri:0, instance:com.awt.test.Login.VerifyLogInFunctionalityTest@130d63be]" started-at="2024-02-05T12:38:41 IST" name="verifyLogInCredentialsTest" data-provider="LogInCrendenital" finished-at="2024-02-05T12:38:44 IST" duration-ms="3101" status="PASS">
          <params>
            <param index="0">
              <value>
                <![CDATA[default]]>
              </value>
            </param>
            <param index="1">
              <value>
                <![CDATA[AWT]]>
              </value>
            </param>
            <param index="2">
              <value>
                <![CDATA[AWTScada#@2023]]>
              </value>
            </param>
          </params>
          <reporter-output>
          </reporter-output>
        </test-method> <!-- verifyLogInCredentialsTest -->
        <test-method is-config="true" signature="tearUp()[pri:0, instance:com.awt.test.Login.VerifyLogInFunctionalityTest@130d63be]" started-at="2024-02-05T12:38:44 IST" name="tearUp" finished-at="2024-02-05T12:38:45 IST" duration-ms="827" status="PASS">
          <reporter-output>
          </reporter-output>
        </test-method> <!-- tearUp -->
        <test-method is-config="true" signature="launchBrowser(java.lang.String)[pri:0, instance:com.awt.test.Login.VerifyLogInFunctionalityTest@130d63be]" started-at="2024-02-05T12:38:45 IST" name="launchBrowser" finished-at="2024-02-05T12:38:51 IST" duration-ms="5503" status="PASS">
          <params>
            <param index="0">
              <value>
                <![CDATA[2]]>
              </value>
            </param>
          </params>
          <reporter-output>
          </reporter-output>
        </test-method> <!-- launchBrowser -->
        <test-method signature="verifyLogInCredentialsTest(java.lang.String,java.lang.String,java.lang.String)[pri:0, instance:com.awt.test.Login.VerifyLogInFunctionalityTest@130d63be]" started-at="2024-02-05T12:38:51 IST" name="verifyLogInCredentialsTest" data-provider="LogInCrendenital" finished-at="2024-02-05T12:38:55 IST" duration-ms="4239" status="PASS">
          <params>
            <param index="0">
              <value>
                <![CDATA[290]]>
              </value>
            </param>
            <param index="1">
              <value>
                <![CDATA[Admin]]>
              </value>
            </param>
            <param index="2">
              <value>
                <![CDATA[AdminScada#@2023]]>
              </value>
            </param>
          </params>
          <reporter-output>
          </reporter-output>
        </test-method> <!-- verifyLogInCredentialsTest -->
        <test-method is-config="true" signature="tearUp()[pri:0, instance:com.awt.test.Login.VerifyLogInFunctionalityTest@130d63be]" started-at="2024-02-05T12:38:55 IST" name="tearUp" finished-at="2024-02-05T12:38:55 IST" duration-ms="472" status="PASS">
          <reporter-output>
          </reporter-output>
        </test-method> <!-- tearUp -->
        <test-method is-config="true" signature="launchBrowser(java.lang.String)[pri:0, instance:com.awt.test.Login.VerifyLogInFunctionalityTest@130d63be]" started-at="2024-02-05T12:38:55 IST" name="launchBrowser" finished-at="2024-02-05T12:39:01 IST" duration-ms="5358" status="PASS">
          <params>
            <param index="0">
              <value>
                <![CDATA[2]]>
              </value>
            </param>
          </params>
          <reporter-output>
          </reporter-output>
        </test-method> <!-- launchBrowser -->
        <test-method signature="verifyLogInCredentialsTest(java.lang.String,java.lang.String,java.lang.String)[pri:0, instance:com.awt.test.Login.VerifyLogInFunctionalityTest@130d63be]" started-at="2024-02-05T12:39:01 IST" name="verifyLogInCredentialsTest" data-provider="LogInCrendenital" finished-at="2024-02-05T12:39:04 IST" duration-ms="3774" status="PASS">
          <params>
            <param index="0">
              <value>
                <![CDATA[290]]>
              </value>
            </param>
            <param index="1">
              <value>
                <![CDATA[Operator ]]>
              </value>
            </param>
            <param index="2">
              <value>
                <![CDATA[OperatorScada#@2023]]>
              </value>
            </param>
          </params>
          <reporter-output>
          </reporter-output>
        </test-method> <!-- verifyLogInCredentialsTest -->
        <test-method is-config="true" signature="tearUp()[pri:0, instance:com.awt.test.Login.VerifyLogInFunctionalityTest@130d63be]" started-at="2024-02-05T12:39:04 IST" name="tearUp" finished-at="2024-02-05T12:39:05 IST" duration-ms="314" status="PASS">
          <reporter-output>
          </reporter-output>
        </test-method> <!-- tearUp -->
      </class> <!-- com.awt.test.Login.VerifyLogInFunctionalityTest -->
      <class name="com.awt.test.Home.VerifyPanelsQuantityTest">
        <test-method is-config="true" signature="launchBrowser(java.lang.String)[pri:0, instance:com.awt.test.Home.VerifyPanelsQuantityTest@52bf72b5]" started-at="2024-02-05T12:37:50 IST" name="launchBrowser" finished-at="2024-02-05T12:38:03 IST" duration-ms="13297" status="PASS">
          <params>
            <param index="0">
              <value>
                <![CDATA[2]]>
              </value>
            </param>
          </params>
          <reporter-output>
          </reporter-output>
        </test-method> <!-- launchBrowser -->
        <test-method signature="verfiyPanelsQuantityTest()[pri:0, instance:com.awt.test.Home.VerifyPanelsQuantityTest@52bf72b5]" started-at="2024-02-05T12:38:03 IST" name="verfiyPanelsQuantityTest" finished-at="2024-02-05T12:38:32 IST" duration-ms="28473" status="PASS">
          <reporter-output>
          </reporter-output>
        </test-method> <!-- verfiyPanelsQuantityTest -->
        <test-method is-config="true" signature="tearUp()[pri:0, instance:com.awt.test.Home.VerifyPanelsQuantityTest@52bf72b5]" started-at="2024-02-05T12:38:32 IST" name="tearUp" finished-at="2024-02-05T12:38:34 IST" duration-ms="1960" status="PASS">
          <reporter-output>
          </reporter-output>
        </test-method> <!-- tearUp -->
      </class> <!-- com.awt.test.Home.VerifyPanelsQuantityTest -->
    </test> <!-- Test -->
  </suite> <!-- Demo -->
</testng-results>
