<?xml version="1.0" encoding="UTF-8"?>
<testng-results retried="2" ignored="0" total="8" passed="5" failed="1" skipped="0">
  <reporter-output>
  </reporter-output>
  <suite started-at="2024-02-05T11:33:06 IST" name="Demo" finished-at="2024-02-05T11:39:12 IST" duration-ms="366053">
    <groups>
    </groups>
    <test started-at="2024-02-05T11:33:06 IST" name="Test" finished-at="2024-02-05T11:39:12 IST" duration-ms="366053">
      <class name="com.awt.test.Oms_Add.VerifyOmsAddingFunctionalityTest">
        <test-method is-config="true" signature="launchBrowser(java.lang.String)[pri:0, instance:com.awt.test.Oms_Add.VerifyOmsAddingFunctionalityTest@7d8995e]" started-at="2024-02-05T11:33:06 IST" name="launchBrowser" finished-at="2024-02-05T11:33:30 IST" duration-ms="24296" status="PASS">
          <params>
            <param index="0">
              <value>
                <![CDATA[2]]>
              </value>
            </param>
          </params>
          <reporter-output>
          </reporter-output>
        </test-method> <!-- launchBrowser -->
        <test-method signature="verfiyOmsAddingFunctionalityTest()[pri:0, instance:com.awt.test.Oms_Add.VerifyOmsAddingFunctionalityTest@7d8995e]" started-at="2024-02-05T11:33:30 IST" name="verfiyOmsAddingFunctionalityTest" finished-at="2024-02-05T11:35:09 IST" duration-ms="98993" status="PASS">
          <reporter-output>
          </reporter-output>
        </test-method> <!-- verfiyOmsAddingFunctionalityTest -->
        <test-method is-config="true" signature="tearUp()[pri:0, instance:com.awt.test.Oms_Add.VerifyOmsAddingFunctionalityTest@7d8995e]" started-at="2024-02-05T11:35:09 IST" name="tearUp" finished-at="2024-02-05T11:35:09 IST" duration-ms="216" status="PASS">
          <reporter-output>
          </reporter-output>
        </test-method> <!-- tearUp -->
      </class> <!-- com.awt.test.Oms_Add.VerifyOmsAddingFunctionalityTest -->
      <class name="com.awt.test.Login.VerifyLogInFunctionalityTest">
        <test-method is-config="true" signature="launchBrowser(java.lang.String)[pri:0, instance:com.awt.test.Login.VerifyLogInFunctionalityTest@130d63be]" started-at="2024-02-05T11:33:06 IST" name="launchBrowser" finished-at="2024-02-05T11:33:17 IST" duration-ms="11130" status="PASS">
          <params>
            <param index="0">
              <value>
                <![CDATA[2]]>
              </value>
            </param>
          </params>
          <reporter-output>
          </reporter-output>
        </test-method> <!-- launchBrowser -->
        <test-method signature="verifyLogInFunctionalityTest()[pri:0, instance:com.awt.test.Login.VerifyLogInFunctionalityTest@130d63be]" started-at="2024-02-05T11:33:17 IST" name="verifyLogInFunctionalityTest" finished-at="2024-02-05T11:33:53 IST" duration-ms="36399" status="PASS">
          <reporter-output>
          </reporter-output>
        </test-method> <!-- verifyLogInFunctionalityTest -->
        <test-method is-config="true" signature="launchBrowser(java.lang.String)[pri:0, instance:com.awt.test.Login.VerifyLogInFunctionalityTest@130d63be]" started-at="2024-02-05T11:33:53 IST" name="launchBrowser" finished-at="2024-02-05T11:33:58 IST" duration-ms="5475" status="PASS">
          <params>
            <param index="0">
              <value>
                <![CDATA[2]]>
              </value>
            </param>
          </params>
          <reporter-output>
          </reporter-output>
        </test-method> <!-- launchBrowser -->
        <test-method is-config="true" signature="tearUp()[pri:0, instance:com.awt.test.Login.VerifyLogInFunctionalityTest@130d63be]" started-at="2024-02-05T11:33:53 IST" name="tearUp" finished-at="2024-02-05T11:33:54 IST" duration-ms="658" status="PASS">
          <reporter-output>
          </reporter-output>
        </test-method> <!-- tearUp -->
        <test-method signature="verifyLogInCredentialsTest(java.lang.String,java.lang.String,java.lang.String)[pri:0, instance:com.awt.test.Login.VerifyLogInFunctionalityTest@130d63be]" started-at="2024-02-05T11:33:58 IST" name="verifyLogInCredentialsTest" data-provider="LogInCrendenital" finished-at="2024-02-05T11:34:03 IST" duration-ms="5025" status="PASS">
          <params>
            <param index="0">
              <value>
                <![CDATA[default]]>
              </value>
            </param>
            <param index="1">
              <value>
                <![CDATA[AWT]]>
              </value>
            </param>
            <param index="2">
              <value>
                <![CDATA[AWTScada#@2023]]>
              </value>
            </param>
          </params>
          <reporter-output>
          </reporter-output>
        </test-method> <!-- verifyLogInCredentialsTest -->
        <test-method is-config="true" signature="tearUp()[pri:0, instance:com.awt.test.Login.VerifyLogInFunctionalityTest@130d63be]" started-at="2024-02-05T11:34:03 IST" name="tearUp" finished-at="2024-02-05T11:34:03 IST" duration-ms="217" status="PASS">
          <reporter-output>
          </reporter-output>
        </test-method> <!-- tearUp -->
        <test-method is-config="true" signature="launchBrowser(java.lang.String)[pri:0, instance:com.awt.test.Login.VerifyLogInFunctionalityTest@130d63be]" started-at="2024-02-05T11:34:03 IST" name="launchBrowser" finished-at="2024-02-05T11:34:08 IST" duration-ms="4915" status="PASS">
          <params>
            <param index="0">
              <value>
                <![CDATA[2]]>
              </value>
            </param>
          </params>
          <reporter-output>
          </reporter-output>
        </test-method> <!-- launchBrowser -->
        <test-method signature="verifyLogInCredentialsTest(java.lang.String,java.lang.String,java.lang.String)[pri:0, instance:com.awt.test.Login.VerifyLogInFunctionalityTest@130d63be]" started-at="2024-02-05T11:34:08 IST" name="verifyLogInCredentialsTest" data-provider="LogInCrendenital" finished-at="2024-02-05T11:34:12 IST" duration-ms="3754" status="PASS">
          <params>
            <param index="0">
              <value>
                <![CDATA[290]]>
              </value>
            </param>
            <param index="1">
              <value>
                <![CDATA[Admin]]>
              </value>
            </param>
            <param index="2">
              <value>
                <![CDATA[AdminScada#@2023]]>
              </value>
            </param>
          </params>
          <reporter-output>
          </reporter-output>
        </test-method> <!-- verifyLogInCredentialsTest -->
        <test-method is-config="true" signature="tearUp()[pri:0, instance:com.awt.test.Login.VerifyLogInFunctionalityTest@130d63be]" started-at="2024-02-05T11:34:12 IST" name="tearUp" finished-at="2024-02-05T11:34:12 IST" duration-ms="141" status="PASS">
          <reporter-output>
          </reporter-output>
        </test-method> <!-- tearUp -->
        <test-method is-config="true" signature="launchBrowser(java.lang.String)[pri:0, instance:com.awt.test.Login.VerifyLogInFunctionalityTest@130d63be]" started-at="2024-02-05T11:34:12 IST" name="launchBrowser" finished-at="2024-02-05T11:34:18 IST" duration-ms="5387" status="PASS">
          <params>
            <param index="0">
              <value>
                <![CDATA[2]]>
              </value>
            </param>
          </params>
          <reporter-output>
          </reporter-output>
        </test-method> <!-- launchBrowser -->
        <test-method retried="true" signature="verifyLogInCredentialsTest(java.lang.String,java.lang.String,java.lang.String)[pri:0, instance:com.awt.test.Login.VerifyLogInFunctionalityTest@130d63be]" started-at="2024-02-05T11:34:18 IST" name="verifyLogInCredentialsTest" data-provider="LogInCrendenital" finished-at="2024-02-05T11:35:51 IST" duration-ms="93854" status="SKIP">
          <params>
            <param index="0">
              <value>
                <![CDATA[290]]>
              </value>
            </param>
            <param index="1">
              <value>
                <![CDATA[Operator ]]>
              </value>
            </param>
            <param index="2">
              <value>
                <![CDATA[OperatorScada#@2023]]>
              </value>
            </param>
          </params>
          <exception class="java.lang.AssertionError">
            <message>
              <![CDATA[The following asserts failed:
expected [WELCOME TO NARMADA KSHIPRA MULTIPURPOSE PROJECT] but found [null]]]>
            </message>
            <full-stacktrace>
              <![CDATA[java.lang.AssertionError: The following asserts failed:
expected [WELCOME TO NARMADA KSHIPRA MULTIPURPOSE PROJECT] but found [null]
at org.testng.asserts.SoftAssert.assertAll(SoftAssert.java:47)
at org.testng.asserts.SoftAssert.assertAll(SoftAssert.java:31)
at com.awt.utills.reusablecomponents.SoftAssertTest.assertAll(SoftAssertTest.java:154)
at com.awt.test.Login.VerifyLogInFunctionalityTest.verifyLogInCredentialsTest(VerifyLogInFunctionalityTest.java:66)
at java.base/jdk.internal.reflect.NativeMethodAccessorImpl.invoke0(Native Method)
at java.base/jdk.internal.reflect.NativeMethodAccessorImpl.invoke(NativeMethodAccessorImpl.java:77)
at java.base/jdk.internal.reflect.DelegatingMethodAccessorImpl.invoke(DelegatingMethodAccessorImpl.java:43)
at java.base/java.lang.reflect.Method.invoke(Method.java:568)
at org.testng.internal.MethodInvocationHelper.invokeMethod(MethodInvocationHelper.java:133)
at org.testng.internal.TestInvoker.invokeMethod(TestInvoker.java:598)
at org.testng.internal.TestInvoker.invokeTestMethod(TestInvoker.java:173)
at org.testng.internal.MethodRunner.runInSequence(MethodRunner.java:46)
at org.testng.internal.TestInvoker$MethodInvocationAgent.invoke(TestInvoker.java:824)
at org.testng.internal.TestInvoker.invokeTestMethods(TestInvoker.java:146)
at org.testng.internal.TestMethodWorker.invokeTestMethods(TestMethodWorker.java:146)
at org.testng.internal.TestMethodWorker.run(TestMethodWorker.java:128)
at java.base/java.util.concurrent.ThreadPoolExecutor.runWorker(ThreadPoolExecutor.java:1136)
at java.base/java.util.concurrent.ThreadPoolExecutor$Worker.run(ThreadPoolExecutor.java:635)
at java.base/java.lang.Thread.run(Thread.java:842)
]]>
            </full-stacktrace>
          </exception> <!-- java.lang.AssertionError -->
          <reporter-output>
          </reporter-output>
        </test-method> <!-- verifyLogInCredentialsTest -->
        <test-method is-config="true" signature="tearUp()[pri:0, instance:com.awt.test.Login.VerifyLogInFunctionalityTest@130d63be]" started-at="2024-02-05T11:35:51 IST" name="tearUp" finished-at="2024-02-05T11:35:52 IST" duration-ms="173" status="PASS">
          <reporter-output>
          </reporter-output>
        </test-method> <!-- tearUp -->
        <test-method is-config="true" signature="launchBrowser(java.lang.String)[pri:0, instance:com.awt.test.Login.VerifyLogInFunctionalityTest@130d63be]" started-at="2024-02-05T11:35:52 IST" name="launchBrowser" finished-at="2024-02-05T11:35:57 IST" duration-ms="5185" status="PASS">
          <params>
            <param index="0">
              <value>
                <![CDATA[2]]>
              </value>
            </param>
          </params>
          <reporter-output>
          </reporter-output>
        </test-method> <!-- launchBrowser -->
        <test-method retried="true" signature="verifyLogInCredentialsTest(java.lang.String,java.lang.String,java.lang.String)[pri:0, instance:com.awt.test.Login.VerifyLogInFunctionalityTest@130d63be]" started-at="2024-02-05T11:35:57 IST" name="verifyLogInCredentialsTest" data-provider="LogInCrendenital" finished-at="2024-02-05T11:37:31 IST" duration-ms="93737" status="SKIP">
          <params>
            <param index="0">
              <value>
                <![CDATA[290]]>
              </value>
            </param>
            <param index="1">
              <value>
                <![CDATA[Operator ]]>
              </value>
            </param>
            <param index="2">
              <value>
                <![CDATA[OperatorScada#@2023]]>
              </value>
            </param>
          </params>
          <exception class="java.lang.AssertionError">
            <message>
              <![CDATA[The following asserts failed:
expected [WELCOME TO NARMADA KSHIPRA MULTIPURPOSE PROJECT] but found [null]]]>
            </message>
            <full-stacktrace>
              <![CDATA[java.lang.AssertionError: The following asserts failed:
expected [WELCOME TO NARMADA KSHIPRA MULTIPURPOSE PROJECT] but found [null]
at org.testng.asserts.SoftAssert.assertAll(SoftAssert.java:47)
at org.testng.asserts.SoftAssert.assertAll(SoftAssert.java:31)
at com.awt.utills.reusablecomponents.SoftAssertTest.assertAll(SoftAssertTest.java:154)
at com.awt.test.Login.VerifyLogInFunctionalityTest.verifyLogInCredentialsTest(VerifyLogInFunctionalityTest.java:66)
at java.base/jdk.internal.reflect.NativeMethodAccessorImpl.invoke0(Native Method)
at java.base/jdk.internal.reflect.NativeMethodAccessorImpl.invoke(NativeMethodAccessorImpl.java:77)
at java.base/jdk.internal.reflect.DelegatingMethodAccessorImpl.invoke(DelegatingMethodAccessorImpl.java:43)
at java.base/java.lang.reflect.Method.invoke(Method.java:568)
at org.testng.internal.MethodInvocationHelper.invokeMethod(MethodInvocationHelper.java:133)
at org.testng.internal.TestInvoker.invokeMethod(TestInvoker.java:598)
at org.testng.internal.TestInvoker.retryFailed(TestInvoker.java:213)
at org.testng.internal.MethodRunner.runInSequence(MethodRunner.java:58)
at org.testng.internal.TestInvoker$MethodInvocationAgent.invoke(TestInvoker.java:824)
at org.testng.internal.TestInvoker.invokeTestMethods(TestInvoker.java:146)
at org.testng.internal.TestMethodWorker.invokeTestMethods(TestMethodWorker.java:146)
at org.testng.internal.TestMethodWorker.run(TestMethodWorker.java:128)
at java.base/java.util.concurrent.ThreadPoolExecutor.runWorker(ThreadPoolExecutor.java:1136)
at java.base/java.util.concurrent.ThreadPoolExecutor$Worker.run(ThreadPoolExecutor.java:635)
at java.base/java.lang.Thread.run(Thread.java:842)
]]>
            </full-stacktrace>
          </exception> <!-- java.lang.AssertionError -->
          <reporter-output>
          </reporter-output>
        </test-method> <!-- verifyLogInCredentialsTest -->
        <test-method is-config="true" signature="tearUp()[pri:0, instance:com.awt.test.Login.VerifyLogInFunctionalityTest@130d63be]" started-at="2024-02-05T11:37:31 IST" name="tearUp" finished-at="2024-02-05T11:37:31 IST" duration-ms="156" status="PASS">
          <reporter-output>
          </reporter-output>
        </test-method> <!-- tearUp -->
        <test-method is-config="true" signature="launchBrowser(java.lang.String)[pri:0, instance:com.awt.test.Login.VerifyLogInFunctionalityTest@130d63be]" started-at="2024-02-05T11:37:31 IST" name="launchBrowser" finished-at="2024-02-05T11:37:36 IST" duration-ms="5232" status="PASS">
          <params>
            <param index="0">
              <value>
                <![CDATA[2]]>
              </value>
            </param>
          </params>
          <reporter-output>
          </reporter-output>
        </test-method> <!-- launchBrowser -->
        <test-method signature="verifyLogInCredentialsTest(java.lang.String,java.lang.String,java.lang.String)[pri:0, instance:com.awt.test.Login.VerifyLogInFunctionalityTest@130d63be]" started-at="2024-02-05T11:37:36 IST" name="verifyLogInCredentialsTest" data-provider="LogInCrendenital" finished-at="2024-02-05T11:39:10 IST" duration-ms="93662" status="FAIL">
          <params>
            <param index="0">
              <value>
                <![CDATA[290]]>
              </value>
            </param>
            <param index="1">
              <value>
                <![CDATA[Operator ]]>
              </value>
            </param>
            <param index="2">
              <value>
                <![CDATA[OperatorScada#@2023]]>
              </value>
            </param>
          </params>
          <exception class="java.lang.AssertionError">
            <message>
              <![CDATA[The following asserts failed:
expected [WELCOME TO NARMADA KSHIPRA MULTIPURPOSE PROJECT] but found [null]]]>
            </message>
            <full-stacktrace>
              <![CDATA[java.lang.AssertionError: The following asserts failed:
expected [WELCOME TO NARMADA KSHIPRA MULTIPURPOSE PROJECT] but found [null]
at org.testng.asserts.SoftAssert.assertAll(SoftAssert.java:47)
at org.testng.asserts.SoftAssert.assertAll(SoftAssert.java:31)
at com.awt.utills.reusablecomponents.SoftAssertTest.assertAll(SoftAssertTest.java:154)
at com.awt.test.Login.VerifyLogInFunctionalityTest.verifyLogInCredentialsTest(VerifyLogInFunctionalityTest.java:66)
at java.base/jdk.internal.reflect.NativeMethodAccessorImpl.invoke0(Native Method)
at java.base/jdk.internal.reflect.NativeMethodAccessorImpl.invoke(NativeMethodAccessorImpl.java:77)
at java.base/jdk.internal.reflect.DelegatingMethodAccessorImpl.invoke(DelegatingMethodAccessorImpl.java:43)
at java.base/java.lang.reflect.Method.invoke(Method.java:568)
at org.testng.internal.MethodInvocationHelper.invokeMethod(MethodInvocationHelper.java:133)
at org.testng.internal.TestInvoker.invokeMethod(TestInvoker.java:598)
at org.testng.internal.TestInvoker.retryFailed(TestInvoker.java:213)
at org.testng.internal.MethodRunner.runInSequence(MethodRunner.java:58)
at org.testng.internal.TestInvoker$MethodInvocationAgent.invoke(TestInvoker.java:824)
at org.testng.internal.TestInvoker.invokeTestMethods(TestInvoker.java:146)
at org.testng.internal.TestMethodWorker.invokeTestMethods(TestMethodWorker.java:146)
at org.testng.internal.TestMethodWorker.run(TestMethodWorker.java:128)
at java.base/java.util.concurrent.ThreadPoolExecutor.runWorker(ThreadPoolExecutor.java:1136)
at java.base/java.util.concurrent.ThreadPoolExecutor$Worker.run(ThreadPoolExecutor.java:635)
at java.base/java.lang.Thread.run(Thread.java:842)
]]>
            </full-stacktrace>
          </exception> <!-- java.lang.AssertionError -->
          <reporter-output>
          </reporter-output>
        </test-method> <!-- verifyLogInCredentialsTest -->
        <test-method is-config="true" signature="tearUp()[pri:0, instance:com.awt.test.Login.VerifyLogInFunctionalityTest@130d63be]" started-at="2024-02-05T11:39:11 IST" name="tearUp" finished-at="2024-02-05T11:39:12 IST" duration-ms="256" status="PASS">
          <reporter-output>
          </reporter-output>
        </test-method> <!-- tearUp -->
      </class> <!-- com.awt.test.Login.VerifyLogInFunctionalityTest -->
      <class name="com.awt.test.Home.VerifyPanelsQuantityTest">
        <test-method is-config="true" signature="launchBrowser(java.lang.String)[pri:0, instance:com.awt.test.Home.VerifyPanelsQuantityTest@52bf72b5]" started-at="2024-02-05T11:33:06 IST" name="launchBrowser" finished-at="2024-02-05T11:33:18 IST" duration-ms="11816" status="PASS">
          <params>
            <param index="0">
              <value>
                <![CDATA[2]]>
              </value>
            </param>
          </params>
          <reporter-output>
          </reporter-output>
        </test-method> <!-- launchBrowser -->
        <test-method signature="verfiyPanelsQuantityTest()[pri:0, instance:com.awt.test.Home.VerifyPanelsQuantityTest@52bf72b5]" started-at="2024-02-05T11:33:18 IST" name="verfiyPanelsQuantityTest" finished-at="2024-02-05T11:33:50 IST" duration-ms="32241" status="PASS">
          <reporter-output>
          </reporter-output>
        </test-method> <!-- verfiyPanelsQuantityTest -->
        <test-method is-config="true" signature="tearUp()[pri:0, instance:com.awt.test.Home.VerifyPanelsQuantityTest@52bf72b5]" started-at="2024-02-05T11:33:50 IST" name="tearUp" finished-at="2024-02-05T11:33:53 IST" duration-ms="2738" status="PASS">
          <reporter-output>
          </reporter-output>
        </test-method> <!-- tearUp -->
      </class> <!-- com.awt.test.Home.VerifyPanelsQuantityTest -->
    </test> <!-- Test -->
  </suite> <!-- Demo -->
</testng-results>
